2024-03-15 17:37:35.302  INFO 16836 --- [restartedMain] com.hotel.Hotel.HotelApplication         : Starting HotelApplication using Java 17.0.9 with PID 16836 (C:\STS4\workspace\Hotel\bin\main started by hi in C:\STS4\workspace\Hotel)
2024-03-15 17:37:35.307  INFO 16836 --- [restartedMain] com.hotel.Hotel.HotelApplication         : No active profile set, falling back to 1 default profile: "default"
2024-03-15 17:37:35.512  INFO 16836 --- [restartedMain] .e.DevToolsPropertyDefaultsPostProcessor : Devtools property defaults active! Set 'spring.devtools.add-properties' to 'false' to disable
2024-03-15 17:37:35.513  INFO 16836 --- [restartedMain] .e.DevToolsPropertyDefaultsPostProcessor : For additional web related logging consider setting the 'logging.level.web' property to 'DEBUG'
2024-03-15 17:37:36.246  INFO 16836 --- [restartedMain] .s.d.r.c.RepositoryConfigurationDelegate : Bootstrapping Spring Data JPA repositories in DEFAULT mode.
2024-03-15 17:37:36.317  INFO 16836 --- [restartedMain] .s.d.r.c.RepositoryConfigurationDelegate : Finished Spring Data repository scanning in 64 ms. Found 11 JPA repository interfaces.
2024-03-15 17:37:36.830  INFO 16836 --- [restartedMain] o.s.b.w.embedded.tomcat.TomcatWebServer  : Tomcat initialized with port 9000 (http)
2024-03-15 17:37:36.840  INFO 16836 --- [restartedMain] o.apache.catalina.core.StandardService   : Starting service [Tomcat]
2024-03-15 17:37:36.840  INFO 16836 --- [restartedMain] o.apache.catalina.core.StandardEngine    : Starting Servlet engine: [Apache Tomcat/10.1.18]
2024-03-15 17:37:36.888  INFO 16836 --- [restartedMain] o.a.c.c.C.[Tomcat].[localhost].[/]       : Initializing Spring embedded WebApplicationContext
2024-03-15 17:37:36.889  INFO 16836 --- [restartedMain] w.s.c.ServletWebServerApplicationContext : Root WebApplicationContext: initialization completed in 1375 ms
2024-03-15 17:37:36.914  INFO 16836 --- [restartedMain] com.zaxxer.hikari.HikariDataSource       : HikariPool-1 - Starting...
2024-03-15 17:37:37.158  INFO 16836 --- [restartedMain] com.zaxxer.hikari.pool.HikariPool        : HikariPool-1 - Added connection com.mysql.cj.jdbc.ConnectionImpl@1ddbbec2
2024-03-15 17:37:37.160  INFO 16836 --- [restartedMain] com.zaxxer.hikari.HikariDataSource       : HikariPool-1 - Start completed.
2024-03-15 17:37:37.168  INFO 16836 --- [restartedMain] o.s.b.a.h2.H2ConsoleAutoConfiguration    : H2 console available at '/h2-console'. Database available at 'jdbc:mysql://localhost:3306/tdb?serverTimezone=UTC'
2024-03-15 17:37:37.312  INFO 16836 --- [restartedMain] o.hibernate.jpa.internal.util.LogHelper  : HHH000204: Processing PersistenceUnitInfo [name: default]
2024-03-15 17:37:37.381  INFO 16836 --- [restartedMain] org.hibernate.Version                    : HHH000412: Hibernate ORM core version 6.4.1.Final
2024-03-15 17:37:37.421  INFO 16836 --- [restartedMain] o.h.c.internal.RegionFactoryInitiator    : HHH000026: Second-level cache disabled
2024-03-15 17:37:37.667  INFO 16836 --- [restartedMain] o.s.o.j.p.SpringPersistenceUnitInfo      : No LoadTimeWeaver setup: ignoring JPA class transformer
2024-03-15 17:37:37.753  WARN 16836 --- [restartedMain] org.hibernate.orm.deprecation            : HHH90000025: MySQL8Dialect does not need to be specified explicitly using 'hibernate.dialect' (remove the property setting and it will be selected by default)
2024-03-15 17:37:37.753  WARN 16836 --- [restartedMain] org.hibernate.orm.deprecation            : HHH90000026: MySQL8Dialect has been deprecated; use org.hibernate.dialect.MySQLDialect instead
2024-03-15 17:37:38.827  INFO 16836 --- [restartedMain] o.h.e.t.j.p.i.JtaPlatformInitiator       : HHH000489: No JTA platform available (set 'hibernate.transaction.jta.platform' to enable JTA platform integration)
2024-03-15 17:37:38.929  INFO 16836 --- [restartedMain] j.LocalContainerEntityManagerFactoryBean : Initialized JPA EntityManagerFactory for persistence unit 'default'
2024-03-15 17:37:39.408  WARN 16836 --- [restartedMain] JpaBaseConfiguration$JpaWebConfiguration : spring.jpa.open-in-view is enabled by default. Therefore, database queries may be performed during view rendering. Explicitly configure spring.jpa.open-in-view to disable this warning
2024-03-15 17:37:39.492  INFO 16836 --- [restartedMain] o.s.b.a.w.s.WelcomePageHandlerMapping    : Adding welcome page template: index
2024-03-15 17:37:39.651  INFO 16836 --- [restartedMain] o.s.s.web.DefaultSecurityFilterChain     : Will secure any request with [org.springframework.security.web.session.DisableEncodeUrlFilter@24079a29, org.springframework.security.web.context.request.async.WebAsyncManagerIntegrationFilter@6e254bcc, org.springframework.security.web.context.SecurityContextHolderFilter@66b10f03, org.springframework.security.web.header.HeaderWriterFilter@741a103, org.springframework.web.filter.CorsFilter@52852208, org.springframework.security.web.authentication.logout.LogoutFilter@450178d0, org.springframework.security.web.authentication.UsernamePasswordAuthenticationFilter@67e2430f, org.springframework.security.web.savedrequest.RequestCacheAwareFilter@176f7686, org.springframework.security.web.servletapi.SecurityContextHolderAwareRequestFilter@3156ceb8, org.springframework.security.web.authentication.AnonymousAuthenticationFilter@411718d5, org.springframework.security.web.access.ExceptionTranslationFilter@384a8815, org.springframework.security.web.access.intercept.AuthorizationFilter@3e955acd]
2024-03-15 17:37:40.326  INFO 16836 --- [restartedMain] o.s.b.d.a.OptionalLiveReloadServer       : LiveReload server is running on port 35729
2024-03-15 17:37:40.364  INFO 16836 --- [restartedMain] o.s.b.w.embedded.tomcat.TomcatWebServer  : Tomcat started on port 9000 (http) with context path ''
2024-03-15 17:37:40.371  INFO 16836 --- [restartedMain] com.hotel.Hotel.HotelApplication         : Started HotelApplication in 5.469 seconds (process running for 6.292)
2024-03-15 17:37:56.895  INFO 16836 --- [http-nio-9000-exec-1] o.a.c.c.C.[Tomcat].[localhost].[/]       : Initializing Spring DispatcherServlet 'dispatcherServlet'
2024-03-15 17:37:56.896  INFO 16836 --- [http-nio-9000-exec-1] o.s.web.servlet.DispatcherServlet        : Initializing Servlet 'dispatcherServlet'
2024-03-15 17:37:56.897  INFO 16836 --- [http-nio-9000-exec-1] o.s.web.servlet.DispatcherServlet        : Completed initialization in 1 ms
2024-03-15 18:24:11.714  INFO 16836 --- [RMI TCP Connection(56)-127.0.0.1] inMXBeanRegistrar$SpringApplicationAdmin : Application shutdown requested.
2024-03-15 18:24:11.731  INFO 16836 --- [RMI TCP Connection(56)-127.0.0.1] j.LocalContainerEntityManagerFactoryBean : Closing JPA EntityManagerFactory for persistence unit 'default'
2024-03-15 18:24:11.735  INFO 16836 --- [RMI TCP Connection(56)-127.0.0.1] com.zaxxer.hikari.HikariDataSource       : HikariPool-1 - Shutdown initiated...
2024-03-15 18:24:11.740  INFO 16836 --- [RMI TCP Connection(56)-127.0.0.1] com.zaxxer.hikari.HikariDataSource       : HikariPool-1 - Shutdown completed.
